========================================
17.0.0.108 - AddNewInput - 9/26/2016 1:16:05 PM
========================================
vMix.VMIXException: Capture Resolution is not supported by this device. ---> System.Runtime.InteropServices.COMException (0x80004005): Unspecified error

   at DirectShowLib.DsError.ThrowExceptionForHR(Int32 hr)
   at jr.j(IPin a, Guid a, Format a, iv a, Boolean a)
   at jr.d(oe a, iv a, CaptureType a, CaptureAudioType a, Size a, Boolean a, Boolean a, oe a, ai a, Guid a)
   --- End of inner exception stack trace ---
   at ezzzzzq.a(WaitCallback a)
   at jr.d(oe a, iv a, CaptureType a, CaptureAudioType a, Size a, Boolean a, Boolean a, oe a, ai a, Guid a)
   at jr..ctor(Guid a, oe a, iv a, CaptureType a, CaptureAudioType a, Int32 a, Int32 a, Boolean a, Boolean a, oe a, ai a, Guid a)
   at jh.a(Guid a, oe a, iv a, CaptureType a, CaptureAudioType a, Size a, Boolean a, Boolean a, oe a, ai a, Guid a, Boolean a)
   at vMix.frmInput.b(Object a, EventArgs a)
========================================
17.0.0.108 - AddNewInput - 9/26/2016 1:16:19 PM
========================================
vMix.VMIXException: Capture Resolution is not supported by this device. ---> System.Runtime.InteropServices.COMException (0x80004005): Unspecified error

   at DirectShowLib.DsError.ThrowExceptionForHR(Int32 hr)
   at jr.j(IPin a, Guid a, Format a, iv a, Boolean a)
   at jr.d(oe a, iv a, CaptureType a, CaptureAudioType a, Size a, Boolean a, Boolean a, oe a, ai a, Guid a)
   --- End of inner exception stack trace ---
   at ezzzzzq.a(WaitCallback a)
   at jr.d(oe a, iv a, CaptureType a, CaptureAudioType a, Size a, Boolean a, Boolean a, oe a, ai a, Guid a)
   at jr..ctor(Guid a, oe a, iv a, CaptureType a, CaptureAudioType a, Int32 a, Int32 a, Boolean a, Boolean a, oe a, ai a, Guid a)
   at jh.a(Guid a, oe a, iv a, CaptureType a, CaptureAudioType a, Size a, Boolean a, Boolean a, oe a, ai a, Guid a, Boolean a)
   at vMix.frmInput.b(Object a, EventArgs a)
